<?xml version="1.0"?>
<!DOCTYPE coverage SYSTEM "http://cobertura.sourceforge.net/xml/coverage-04.dtd">

<coverage line-rate="0.0" branch-rate="1.0" lines-covered="0" lines-valid="28" branches-covered="0" branches-valid="0" complexity="1.5" version="1.9.4.1" timestamp="1319130221983">
	<sources>
		<source>--source</source>
		<source>C:/Users/jgrant/git/JavascriptFramework/maven-javascript-framework-plugins/source-overlay-maven-plugin/src/main/java</source>
	</sources>
	<packages>
		<package name="com.github.jlgrock.javascriptframework.dependencyOverlay" line-rate="0.0" branch-rate="1.0" complexity="1.5">
			<classes>
				<class name="com.github.jlgrock.javascriptframework.dependencyOverlay.AbstractDependencyOverlay" filename="com/github/jlgrock/javascriptframework/dependencyOverlay/AbstractDependencyOverlay.java" line-rate="0.0" branch-rate="1.0" complexity="1.0">
					<methods>
						<method name="&lt;init&gt;" signature="()V" line-rate="0.0" branch-rate="1.0">
							<lines>
								<line number="14" hits="0" branch="false"/>
							</lines>
						</method>
						<method name="getOutputDirectory" signature="()Ljava/io/File;" line-rate="0.0" branch-rate="1.0">
							<lines>
								<line number="64" hits="0" branch="false"/>
							</lines>
						</method>
						<method name="getProject" signature="()Lorg/apache/maven/project/MavenProject;" line-rate="0.0" branch-rate="1.0">
							<lines>
								<line number="57" hits="0" branch="false"/>
							</lines>
						</method>
						<method name="getScope" signature="()Ljava/lang/String;" line-rate="0.0" branch-rate="1.0">
							<lines>
								<line number="78" hits="0" branch="false"/>
							</lines>
						</method>
						<method name="getSrcDirectory" signature="()Ljava/io/File;" line-rate="0.0" branch-rate="1.0">
							<lines>
								<line number="71" hits="0" branch="false"/>
							</lines>
						</method>
					</methods>
					<lines>
						<line number="14" hits="0" branch="false"/>
						<line number="57" hits="0" branch="false"/>
						<line number="64" hits="0" branch="false"/>
						<line number="71" hits="0" branch="false"/>
						<line number="78" hits="0" branch="false"/>
					</lines>
				</class>
				<class name="com.github.jlgrock.javascriptframework.dependencyOverlay.CopySrcDependency" filename="com/github/jlgrock/javascriptframework/dependencyOverlay/CopySrcDependency.java" line-rate="0.0" branch-rate="1.0" complexity="2.0">
					<methods>
						<method name="&lt;clinit&gt;" signature="()V" line-rate="0.0" branch-rate="1.0">
							<lines>
								<line number="25" hits="0" branch="false"/>
							</lines>
						</method>
						<method name="&lt;init&gt;" signature="()V" line-rate="0.0" branch-rate="1.0">
							<lines>
								<line number="20" hits="0" branch="false"/>
							</lines>
						</method>
						<method name="execute" signature="()V" line-rate="0.0" branch-rate="1.0">
							<lines>
								<line number="30" hits="0" branch="false"/>
								<line number="31" hits="0" branch="false"/>
							</lines>
						</method>
						<method name="extractDependencies" signature="()V" line-rate="0.0" branch-rate="1.0">
							<lines>
								<line number="39" hits="0" branch="false"/>
								<line number="41" hits="0" branch="false"/>
								<line number="48" hits="0" branch="false"/>
								<line number="50" hits="0" branch="false"/>
								<line number="51" hits="0" branch="false"/>
								<line number="52" hits="0" branch="false"/>
								<line number="56" hits="0" branch="false"/>
								<line number="57" hits="0" branch="false"/>
								<line number="58" hits="0" branch="false"/>
							</lines>
						</method>
					</methods>
					<lines>
						<line number="20" hits="0" branch="false"/>
						<line number="25" hits="0" branch="false"/>
						<line number="30" hits="0" branch="false"/>
						<line number="31" hits="0" branch="false"/>
						<line number="39" hits="0" branch="false"/>
						<line number="41" hits="0" branch="false"/>
						<line number="48" hits="0" branch="false"/>
						<line number="50" hits="0" branch="false"/>
						<line number="51" hits="0" branch="false"/>
						<line number="52" hits="0" branch="false"/>
						<line number="56" hits="0" branch="false"/>
						<line number="57" hits="0" branch="false"/>
						<line number="58" hits="0" branch="false"/>
					</lines>
				</class>
				<class name="com.github.jlgrock.javascriptframework.dependencyOverlay.DoOverlay" filename="com/github/jlgrock/javascriptframework/dependencyOverlay/DoOverlay.java" line-rate="0.0" branch-rate="1.0" complexity="3.0">
					<methods>
						<method name="&lt;clinit&gt;" signature="()V" line-rate="0.0" branch-rate="1.0">
							<lines>
								<line number="26" hits="0" branch="false"/>
							</lines>
						</method>
						<method name="&lt;init&gt;" signature="()V" line-rate="0.0" branch-rate="1.0">
							<lines>
								<line number="21" hits="0" branch="false"/>
							</lines>
						</method>
						<method name="execute" signature="()V" line-rate="0.0" branch-rate="1.0">
							<lines>
								<line number="30" hits="0" branch="false"/>
								<line number="32" hits="0" branch="false"/>
								<line number="34" hits="0" branch="false"/>
								<line number="36" hits="0" branch="false"/>
								<line number="37" hits="0" branch="false"/>
								<line number="41" hits="0" branch="false"/>
								<line number="42" hits="0" branch="false"/>
								<line number="43" hits="0" branch="false"/>
							</lines>
						</method>
					</methods>
					<lines>
						<line number="21" hits="0" branch="false"/>
						<line number="26" hits="0" branch="false"/>
						<line number="30" hits="0" branch="false"/>
						<line number="32" hits="0" branch="false"/>
						<line number="34" hits="0" branch="false"/>
						<line number="36" hits="0" branch="false"/>
						<line number="37" hits="0" branch="false"/>
						<line number="41" hits="0" branch="false"/>
						<line number="42" hits="0" branch="false"/>
						<line number="43" hits="0" branch="false"/>
					</lines>
				</class>
			</classes>
		</package>
	</packages>
</coverage>
