<?xml version="1.0"?>
<!DOCTYPE coverage SYSTEM "http://cobertura.sourceforge.net/xml/coverage-04.dtd">

<coverage line-rate="0.0" branch-rate="0.0" lines-covered="0" lines-valid="381" branches-covered="0" branches-valid="174" complexity="3.230769230769231" version="1.9.4.1" timestamp="1319129897348">
	<sources>
		<source>--source</source>
		<source>C:/Users/jgrant/git/JavascriptFramework/maven-javascript-framework-plugins/maven-utils/src/main/java</source>
	</sources>
	<packages>
		<package name="com.github.jlgrock.javascriptframework.mavenutils.io" line-rate="0.0" branch-rate="0.0" complexity="3.35">
			<classes>
				<class name="com.github.jlgrock.javascriptframework.mavenutils.io.DirectoryIO" filename="com/github/jlgrock/javascriptframework/mavenutils/io/DirectoryIO.java" line-rate="0.0" branch-rate="0.0" complexity="4.5">
					<methods>
						<method name="&lt;clinit&gt;" signature="()V" line-rate="0.0" branch-rate="1.0">
							<lines>
								<line number="21" hits="0" branch="false"/>
							</lines>
						</method>
						<method name="&lt;init&gt;" signature="()V" line-rate="0.0" branch-rate="1.0">
							<lines>
								<line number="99" hits="0" branch="false"/>
							</lines>
						</method>
						<method name="copyDirectory" signature="(Ljava/io/File;Ljava/io/File;)V" line-rate="0.0" branch-rate="0.0">
							<lines>
								<line number="34" hits="0" branch="false"/>
								<line number="37" hits="0" branch="true" condition-coverage="0% (0/2)">
									<conditions>
										<condition number="0" type="jump" coverage="0%"/>
									</conditions>
								</line>
								<line number="38" hits="0" branch="false"/>
								<line number="40" hits="0" branch="false"/>
								<line number="41" hits="0" branch="false"/>
								<line number="42" hits="0" branch="false"/>
								<line number="43" hits="0" branch="false"/>
							</lines>
						</method>
						<method name="createDir" signature="(Ljava/io/File;)V" line-rate="0.0" branch-rate="0.0">
							<lines>
								<line number="53" hits="0" branch="true" condition-coverage="0% (0/2)">
									<conditions>
										<condition number="0" type="jump" coverage="0%"/>
									</conditions>
								</line>
								<line number="54" hits="0" branch="true" condition-coverage="0% (0/2)">
									<conditions>
										<condition number="0" type="jump" coverage="0%"/>
									</conditions>
								</line>
								<line number="55" hits="0" branch="false"/>
								<line number="58" hits="0" branch="false"/>
							</lines>
						</method>
						<method name="recursivelyDeleteDirectory" signature="(Ljava/io/File;)V" line-rate="0.0" branch-rate="0.0">
							<lines>
								<line number="68" hits="0" branch="false"/>
								<line number="70" hits="0" branch="true" condition-coverage="0% (0/2)">
									<conditions>
										<condition number="0" type="jump" coverage="0%"/>
									</conditions>
								</line>
								<line number="71" hits="0" branch="false"/>
								<line number="72" hits="0" branch="false"/>
								<line number="74" hits="0" branch="true" condition-coverage="0% (0/2)">
									<conditions>
										<condition number="0" type="jump" coverage="0%"/>
									</conditions>
								</line>
								<line number="75" hits="0" branch="false"/>
								<line number="78" hits="0" branch="true" condition-coverage="0% (0/2)">
									<conditions>
										<condition number="0" type="jump" coverage="0%"/>
									</conditions>
								</line>
								<line number="79" hits="0" branch="false"/>
								<line number="80" hits="0" branch="true" condition-coverage="0% (0/2)">
									<conditions>
										<condition number="0" type="jump" coverage="0%"/>
									</conditions>
								</line>
								<line number="81" hits="0" branch="true" condition-coverage="0% (0/2)">
									<conditions>
										<condition number="0" type="jump" coverage="0%"/>
									</conditions>
								</line>
								<line number="82" hits="0" branch="false"/>
								<line number="84" hits="0" branch="false"/>
								<line number="88" hits="0" branch="false"/>
								<line number="89" hits="0" branch="true" condition-coverage="0% (0/2)">
									<conditions>
										<condition number="0" type="jump" coverage="0%"/>
									</conditions>
								</line>
								<line number="90" hits="0" branch="false"/>
								<line number="94" hits="0" branch="false"/>
							</lines>
						</method>
					</methods>
					<lines>
						<line number="21" hits="0" branch="false"/>
						<line number="34" hits="0" branch="false"/>
						<line number="37" hits="0" branch="true" condition-coverage="0% (0/2)">
							<conditions>
								<condition number="0" type="jump" coverage="0%"/>
							</conditions>
						</line>
						<line number="38" hits="0" branch="false"/>
						<line number="40" hits="0" branch="false"/>
						<line number="41" hits="0" branch="false"/>
						<line number="42" hits="0" branch="false"/>
						<line number="43" hits="0" branch="false"/>
						<line number="53" hits="0" branch="true" condition-coverage="0% (0/2)">
							<conditions>
								<condition number="0" type="jump" coverage="0%"/>
							</conditions>
						</line>
						<line number="54" hits="0" branch="true" condition-coverage="0% (0/2)">
							<conditions>
								<condition number="0" type="jump" coverage="0%"/>
							</conditions>
						</line>
						<line number="55" hits="0" branch="false"/>
						<line number="58" hits="0" branch="false"/>
						<line number="68" hits="0" branch="false"/>
						<line number="70" hits="0" branch="true" condition-coverage="0% (0/2)">
							<conditions>
								<condition number="0" type="jump" coverage="0%"/>
							</conditions>
						</line>
						<line number="71" hits="0" branch="false"/>
						<line number="72" hits="0" branch="false"/>
						<line number="74" hits="0" branch="true" condition-coverage="0% (0/2)">
							<conditions>
								<condition number="0" type="jump" coverage="0%"/>
							</conditions>
						</line>
						<line number="75" hits="0" branch="false"/>
						<line number="78" hits="0" branch="true" condition-coverage="0% (0/2)">
							<conditions>
								<condition number="0" type="jump" coverage="0%"/>
							</conditions>
						</line>
						<line number="79" hits="0" branch="false"/>
						<line number="80" hits="0" branch="true" condition-coverage="0% (0/2)">
							<conditions>
								<condition number="0" type="jump" coverage="0%"/>
							</conditions>
						</line>
						<line number="81" hits="0" branch="true" condition-coverage="0% (0/2)">
							<conditions>
								<condition number="0" type="jump" coverage="0%"/>
							</conditions>
						</line>
						<line number="82" hits="0" branch="false"/>
						<line number="84" hits="0" branch="false"/>
						<line number="88" hits="0" branch="false"/>
						<line number="89" hits="0" branch="true" condition-coverage="0% (0/2)">
							<conditions>
								<condition number="0" type="jump" coverage="0%"/>
							</conditions>
						</line>
						<line number="90" hits="0" branch="false"/>
						<line number="94" hits="0" branch="false"/>
						<line number="99" hits="0" branch="false"/>
					</lines>
				</class>
				<class name="com.github.jlgrock.javascriptframework.mavenutils.io.FileIO" filename="com/github/jlgrock/javascriptframework/mavenutils/io/FileIO.java" line-rate="0.0" branch-rate="0.0" complexity="3.0">
					<methods>
						<method name="&lt;clinit&gt;" signature="()V" line-rate="0.0" branch-rate="1.0">
							<lines>
								<line number="24" hits="0" branch="false"/>
							</lines>
						</method>
						<method name="&lt;init&gt;" signature="()V" line-rate="0.0" branch-rate="1.0">
							<lines>
								<line number="29" hits="0" branch="false"/>
							</lines>
						</method>
						<method name="changeExtension" signature="(Ljava/io/File;Ljava/lang/String;)V" line-rate="0.0" branch-rate="0.0">
							<lines>
								<line number="132" hits="0" branch="false"/>
								<line number="133" hits="0" branch="false"/>
								<line number="134" hits="0" branch="false"/>
								<line number="135" hits="0" branch="true" condition-coverage="0% (0/2)">
									<conditions>
										<condition number="0" type="jump" coverage="0%"/>
									</conditions>
								</line>
								<line number="136" hits="0" branch="false"/>
								<line number="138" hits="0" branch="false"/>
							</lines>
						</method>
						<method name="concatenateStreams" signature="([Ljava/io/Reader;Ljava/io/File;)V" line-rate="0.0" branch-rate="0.0">
							<lines>
								<line number="60" hits="0" branch="true" condition-coverage="0% (0/2)">
									<conditions>
										<condition number="0" type="jump" coverage="0%"/>
									</conditions>
								</line>
								<line number="61" hits="0" branch="false"/>
								<line number="64" hits="0" branch="false"/>
								<line number="65" hits="0" branch="false"/>
								<line number="66" hits="0" branch="false"/>
								<line number="69" hits="0" branch="false"/>
								<line number="70" hits="0" branch="false"/>
								<line number="74" hits="0" branch="false"/>
								<line number="76" hits="0" branch="true" condition-coverage="0% (0/2)">
									<conditions>
										<condition number="0" type="jump" coverage="0%"/>
									</conditions>
								</line>
								<line number="78" hits="0" branch="false"/>
								<line number="81" hits="0" branch="false"/>
								<line number="82" hits="0" branch="true" condition-coverage="0% (0/2)">
									<conditions>
										<condition number="0" type="jump" coverage="0%"/>
									</conditions>
								</line>
								<line number="83" hits="0" branch="false"/>
								<line number="85" hits="0" branch="true" condition-coverage="0% (0/2)">
									<conditions>
										<condition number="0" type="jump" coverage="0%"/>
									</conditions>
								</line>
								<line number="86" hits="0" branch="false"/>
								<line number="87" hits="0" branch="false"/>
								<line number="89" hits="0" branch="false"/>
								<line number="90" hits="0" branch="false"/>
								<line number="91" hits="0" branch="false"/>
								<line number="92" hits="0" branch="false"/>
								<line number="93" hits="0" branch="false"/>
								<line number="94" hits="0" branch="false"/>
								<line number="95" hits="0" branch="false"/>
							</lines>
						</method>
						<method name="copyStream" signature="(Ljava/io/InputStream;Ljava/io/OutputStream;)V" line-rate="0.0" branch-rate="1.0">
							<lines>
								<line number="39" hits="0" branch="false"/>
								<line number="41" hits="0" branch="false"/>
								<line number="42" hits="0" branch="false"/>
								<line number="43" hits="0" branch="false"/>
								<line number="44" hits="0" branch="false"/>
								<line number="46" hits="0" branch="false"/>
								<line number="47" hits="0" branch="false"/>
								<line number="48" hits="0" branch="false"/>
								<line number="49" hits="0" branch="false"/>
							</lines>
						</method>
						<method name="getFileExtension" signature="(Ljava/io/File;)Ljava/lang/String;" line-rate="0.0" branch-rate="1.0">
							<lines>
								<line number="104" hits="0" branch="false"/>
								<line number="105" hits="0" branch="false"/>
								<line number="106" hits="0" branch="false"/>
							</lines>
						</method>
						<method name="removeFileExtension" signature="(Ljava/io/File;)Ljava/lang/String;" line-rate="0.0" branch-rate="0.0">
							<lines>
								<line number="116" hits="0" branch="false"/>
								<line number="117" hits="0" branch="true" condition-coverage="0% (0/2)">
									<conditions>
										<condition number="0" type="jump" coverage="0%"/>
									</conditions>
								</line>
								<line number="118" hits="0" branch="false"/>
								<line number="120" hits="0" branch="false"/>
								<line number="121" hits="0" branch="false"/>
							</lines>
						</method>
					</methods>
					<lines>
						<line number="24" hits="0" branch="false"/>
						<line number="29" hits="0" branch="false"/>
						<line number="39" hits="0" branch="false"/>
						<line number="41" hits="0" branch="false"/>
						<line number="42" hits="0" branch="false"/>
						<line number="43" hits="0" branch="false"/>
						<line number="44" hits="0" branch="false"/>
						<line number="46" hits="0" branch="false"/>
						<line number="47" hits="0" branch="false"/>
						<line number="48" hits="0" branch="false"/>
						<line number="49" hits="0" branch="false"/>
						<line number="60" hits="0" branch="true" condition-coverage="0% (0/2)">
							<conditions>
								<condition number="0" type="jump" coverage="0%"/>
							</conditions>
						</line>
						<line number="61" hits="0" branch="false"/>
						<line number="64" hits="0" branch="false"/>
						<line number="65" hits="0" branch="false"/>
						<line number="66" hits="0" branch="false"/>
						<line number="69" hits="0" branch="false"/>
						<line number="70" hits="0" branch="false"/>
						<line number="74" hits="0" branch="false"/>
						<line number="76" hits="0" branch="true" condition-coverage="0% (0/2)">
							<conditions>
								<condition number="0" type="jump" coverage="0%"/>
							</conditions>
						</line>
						<line number="78" hits="0" branch="false"/>
						<line number="81" hits="0" branch="false"/>
						<line number="82" hits="0" branch="true" condition-coverage="0% (0/2)">
							<conditions>
								<condition number="0" type="jump" coverage="0%"/>
							</conditions>
						</line>
						<line number="83" hits="0" branch="false"/>
						<line number="85" hits="0" branch="true" condition-coverage="0% (0/2)">
							<conditions>
								<condition number="0" type="jump" coverage="0%"/>
							</conditions>
						</line>
						<line number="86" hits="0" branch="false"/>
						<line number="87" hits="0" branch="false"/>
						<line number="89" hits="0" branch="false"/>
						<line number="90" hits="0" branch="false"/>
						<line number="91" hits="0" branch="false"/>
						<line number="92" hits="0" branch="false"/>
						<line number="93" hits="0" branch="false"/>
						<line number="94" hits="0" branch="false"/>
						<line number="95" hits="0" branch="false"/>
						<line number="104" hits="0" branch="false"/>
						<line number="105" hits="0" branch="false"/>
						<line number="106" hits="0" branch="false"/>
						<line number="116" hits="0" branch="false"/>
						<line number="117" hits="0" branch="true" condition-coverage="0% (0/2)">
							<conditions>
								<condition number="0" type="jump" coverage="0%"/>
							</conditions>
						</line>
						<line number="118" hits="0" branch="false"/>
						<line number="120" hits="0" branch="false"/>
						<line number="121" hits="0" branch="false"/>
						<line number="132" hits="0" branch="false"/>
						<line number="133" hits="0" branch="false"/>
						<line number="134" hits="0" branch="false"/>
						<line number="135" hits="0" branch="true" condition-coverage="0% (0/2)">
							<conditions>
								<condition number="0" type="jump" coverage="0%"/>
							</conditions>
						</line>
						<line number="136" hits="0" branch="false"/>
						<line number="138" hits="0" branch="false"/>
					</lines>
				</class>
				<class name="com.github.jlgrock.javascriptframework.mavenutils.io.ResourceIO" filename="com/github/jlgrock/javascriptframework/mavenutils/io/ResourceIO.java" line-rate="0.0" branch-rate="0.0" complexity="3.5">
					<methods>
						<method name="&lt;clinit&gt;" signature="()V" line-rate="0.0" branch-rate="1.0">
							<lines>
								<line number="26" hits="0" branch="false"/>
							</lines>
						</method>
						<method name="&lt;init&gt;" signature="()V" line-rate="0.0" branch-rate="1.0">
							<lines>
								<line number="20" hits="0" branch="false"/>
								<line number="21" hits="0" branch="false"/>
							</lines>
						</method>
						<method name="copyResource" signature="(Ljava/lang/String;Ljava/io/File;)V" line-rate="0.0" branch-rate="0.0">
							<lines>
								<line number="80" hits="0" branch="true" condition-coverage="0% (0/2)">
									<conditions>
										<condition number="0" type="jump" coverage="0%"/>
									</conditions>
								</line>
								<line number="81" hits="0" branch="false"/>
								<line number="83" hits="0" branch="true" condition-coverage="0% (0/2)">
									<conditions>
										<condition number="0" type="jump" coverage="0%"/>
									</conditions>
								</line>
								<line number="84" hits="0" branch="false"/>
								<line number="87" hits="0" branch="false"/>
								<line number="90" hits="0" branch="false"/>
								<line number="92" hits="0" branch="false"/>
								<line number="93" hits="0" branch="false"/>
								<line number="95" hits="0" branch="false"/>
								<line number="96" hits="0" branch="false"/>
								<line number="99" hits="0" branch="false"/>
								<line number="100" hits="0" branch="false"/>
								<line number="101" hits="0" branch="false"/>
							</lines>
						</method>
						<method name="getResourceAsStream" signature="(Ljava/lang/String;)Ljava/io/InputStream;" line-rate="0.0" branch-rate="0.0">
							<lines>
								<line number="40" hits="0" branch="false"/>
								<line number="41" hits="0" branch="true" condition-coverage="0% (0/2)">
									<conditions>
										<condition number="0" type="jump" coverage="0%"/>
									</conditions>
								</line>
								<line number="42" hits="0" branch="false"/>
								<line number="45" hits="0" branch="false"/>
								<line number="47" hits="0" branch="false"/>
							</lines>
						</method>
						<method name="getResourceAsZipStream" signature="(Ljava/lang/String;)Ljava/util/zip/ZipInputStream;" line-rate="0.0" branch-rate="0.0">
							<lines>
								<line number="62" hits="0" branch="true" condition-coverage="0% (0/2)">
									<conditions>
										<condition number="0" type="jump" coverage="0%"/>
									</conditions>
								</line>
								<line number="63" hits="0" branch="false"/>
								<line number="65" hits="0" branch="false"/>
							</lines>
						</method>
					</methods>
					<lines>
						<line number="20" hits="0" branch="false"/>
						<line number="21" hits="0" branch="false"/>
						<line number="26" hits="0" branch="false"/>
						<line number="40" hits="0" branch="false"/>
						<line number="41" hits="0" branch="true" condition-coverage="0% (0/2)">
							<conditions>
								<condition number="0" type="jump" coverage="0%"/>
							</conditions>
						</line>
						<line number="42" hits="0" branch="false"/>
						<line number="45" hits="0" branch="false"/>
						<line number="47" hits="0" branch="false"/>
						<line number="62" hits="0" branch="true" condition-coverage="0% (0/2)">
							<conditions>
								<condition number="0" type="jump" coverage="0%"/>
							</conditions>
						</line>
						<line number="63" hits="0" branch="false"/>
						<line number="65" hits="0" branch="false"/>
						<line number="80" hits="0" branch="true" condition-coverage="0% (0/2)">
							<conditions>
								<condition number="0" type="jump" coverage="0%"/>
							</conditions>
						</line>
						<line number="81" hits="0" branch="false"/>
						<line number="83" hits="0" branch="true" condition-coverage="0% (0/2)">
							<conditions>
								<condition number="0" type="jump" coverage="0%"/>
							</conditions>
						</line>
						<line number="84" hits="0" branch="false"/>
						<line number="87" hits="0" branch="false"/>
						<line number="90" hits="0" branch="false"/>
						<line number="92" hits="0" branch="false"/>
						<line number="93" hits="0" branch="false"/>
						<line number="95" hits="0" branch="false"/>
						<line number="96" hits="0" branch="false"/>
						<line number="99" hits="0" branch="false"/>
						<line number="100" hits="0" branch="false"/>
						<line number="101" hits="0" branch="false"/>
					</lines>
				</class>
				<class name="com.github.jlgrock.javascriptframework.mavenutils.io.ZipUtils" filename="com/github/jlgrock/javascriptframework/mavenutils/io/ZipUtils.java" line-rate="0.0" branch-rate="0.0" complexity="2.8333333333333335">
					<methods>
						<method name="&lt;clinit&gt;" signature="()V" line-rate="0.0" branch-rate="1.0">
							<lines>
								<line number="29" hits="0" branch="false"/>
							</lines>
						</method>
						<method name="&lt;init&gt;" signature="()V" line-rate="0.0" branch-rate="1.0">
							<lines>
								<line number="24" hits="0" branch="false"/>
							</lines>
						</method>
						<method name="buildFileList" signature="(Ljava/io/File;)Ljava/util/Collection;" line-rate="0.0" branch-rate="1.0">
							<lines>
								<line number="83" hits="0" branch="false"/>
							</lines>
						</method>
						<method name="deleteDirAndUnzip" signature="(Ljava/util/zip/ZipInputStream;Ljava/io/File;)V" line-rate="0.0" branch-rate="0.0">
							<lines>
								<line number="132" hits="0" branch="true" condition-coverage="0% (0/2)">
									<conditions>
										<condition number="0" type="jump" coverage="0%"/>
									</conditions>
								</line>
								<line number="133" hits="0" branch="false"/>
								<line number="135" hits="0" branch="false"/>
								<line number="136" hits="0" branch="false"/>
							</lines>
						</method>
						<method name="readDirectory" signature="(Ljava/io/File;Ljava/lang/String;)Ljava/util/Collection;" line-rate="0.0" branch-rate="0.0">
							<lines>
								<line number="94" hits="0" branch="false"/>
								<line number="95" hits="0" branch="false"/>
								<line number="96" hits="0" branch="true" condition-coverage="0% (0/2)">
									<conditions>
										<condition number="0" type="jump" coverage="0%"/>
									</conditions>
								</line>
								<line number="97" hits="0" branch="true" condition-coverage="0% (0/2)">
									<conditions>
										<condition number="0" type="jump" coverage="0%"/>
									</conditions>
								</line>
								<line number="98" hits="0" branch="false"/>
								<line number="99" hits="0" branch="true" condition-coverage="0% (0/2)">
									<conditions>
										<condition number="0" type="jump" coverage="0%"/>
									</conditions>
								</line>
								<line number="100" hits="0" branch="false"/>
								<line number="103" hits="0" branch="false"/>
							</lines>
						</method>
						<method name="unzip" signature="(Ljava/util/zip/ZipInputStream;Ljava/io/File;)V" line-rate="0.0" branch-rate="0.0">
							<lines>
								<line number="114" hits="0" branch="false"/>
								<line number="116" hits="0" branch="true" condition-coverage="0% (0/2)">
									<conditions>
										<condition number="0" type="jump" coverage="0%"/>
									</conditions>
								</line>
								<line number="117" hits="0" branch="false"/>
								<line number="120" hits="0" branch="false"/>
								<line number="121" hits="0" branch="false"/>
								<line number="122" hits="0" branch="false"/>
							</lines>
						</method>
						<method name="unzipEntry" signature="(Ljava/util/zip/ZipInputStream;Ljava/util/zip/ZipEntry;Ljava/io/File;)V" line-rate="0.0" branch-rate="0.0">
							<lines>
								<line number="149" hits="0" branch="true" condition-coverage="0% (0/2)">
									<conditions>
										<condition number="0" type="jump" coverage="0%"/>
									</conditions>
								</line>
								<line number="150" hits="0" branch="false"/>
								<line number="151" hits="0" branch="false"/>
								<line number="155" hits="0" branch="false"/>
								<line number="156" hits="0" branch="true" condition-coverage="0% (0/2)">
									<conditions>
										<condition number="0" type="jump" coverage="0%"/>
									</conditions>
								</line>
								<line number="157" hits="0" branch="false"/>
								<line number="160" hits="0" branch="false"/>
								<line number="161" hits="0" branch="false"/>
								<line number="163" hits="0" branch="false"/>
								<line number="164" hits="0" branch="false"/>
								<line number="165" hits="0" branch="false"/>
							</lines>
						</method>
						<method name="zipFolder" signature="(Ljava/io/File;Ljava/io/File;)V" line-rate="0.0" branch-rate="0.0">
							<lines>
								<line number="43" hits="0" branch="false"/>
								<line number="44" hits="0" branch="false"/>
								<line number="46" hits="0" branch="false"/>
								<line number="50" hits="0" branch="false"/>
								<line number="53" hits="0" branch="false"/>
								<line number="56" hits="0" branch="false"/>
								<line number="57" hits="0" branch="true" condition-coverage="0% (0/2)">
									<conditions>
										<condition number="0" type="jump" coverage="0%"/>
									</conditions>
								</line>
								<line number="58" hits="0" branch="false"/>
								<line number="60" hits="0" branch="true" condition-coverage="0% (0/2)">
									<conditions>
										<condition number="0" type="jump" coverage="0%"/>
									</conditions>
								</line>
								<line number="61" hits="0" branch="false"/>
								<line number="63" hits="0" branch="false"/>
								<line number="65" hits="0" branch="false"/>
								<line number="67" hits="0" branch="true" condition-coverage="0% (0/2)">
									<conditions>
										<condition number="0" type="jump" coverage="0%"/>
									</conditions>
								</line>
								<line number="68" hits="0" branch="false"/>
								<line number="70" hits="0" branch="false"/>
								<line number="71" hits="0" branch="false"/>
								<line number="72" hits="0" branch="false"/>
								<line number="73" hits="0" branch="false"/>
								<line number="74" hits="0" branch="false"/>
							</lines>
						</method>
					</methods>
					<lines>
						<line number="24" hits="0" branch="false"/>
						<line number="29" hits="0" branch="false"/>
						<line number="43" hits="0" branch="false"/>
						<line number="44" hits="0" branch="false"/>
						<line number="46" hits="0" branch="false"/>
						<line number="50" hits="0" branch="false"/>
						<line number="53" hits="0" branch="false"/>
						<line number="56" hits="0" branch="false"/>
						<line number="57" hits="0" branch="true" condition-coverage="0% (0/2)">
							<conditions>
								<condition number="0" type="jump" coverage="0%"/>
							</conditions>
						</line>
						<line number="58" hits="0" branch="false"/>
						<line number="60" hits="0" branch="true" condition-coverage="0% (0/2)">
							<conditions>
								<condition number="0" type="jump" coverage="0%"/>
							</conditions>
						</line>
						<line number="61" hits="0" branch="false"/>
						<line number="63" hits="0" branch="false"/>
						<line number="65" hits="0" branch="false"/>
						<line number="67" hits="0" branch="true" condition-coverage="0% (0/2)">
							<conditions>
								<condition number="0" type="jump" coverage="0%"/>
							</conditions>
						</line>
						<line number="68" hits="0" branch="false"/>
						<line number="70" hits="0" branch="false"/>
						<line number="71" hits="0" branch="false"/>
						<line number="72" hits="0" branch="false"/>
						<line number="73" hits="0" branch="false"/>
						<line number="74" hits="0" branch="false"/>
						<line number="83" hits="0" branch="false"/>
						<line number="94" hits="0" branch="false"/>
						<line number="95" hits="0" branch="false"/>
						<line number="96" hits="0" branch="true" condition-coverage="0% (0/2)">
							<conditions>
								<condition number="0" type="jump" coverage="0%"/>
							</conditions>
						</line>
						<line number="97" hits="0" branch="true" condition-coverage="0% (0/2)">
							<conditions>
								<condition number="0" type="jump" coverage="0%"/>
							</conditions>
						</line>
						<line number="98" hits="0" branch="false"/>
						<line number="99" hits="0" branch="true" condition-coverage="0% (0/2)">
							<conditions>
								<condition number="0" type="jump" coverage="0%"/>
							</conditions>
						</line>
						<line number="100" hits="0" branch="false"/>
						<line number="103" hits="0" branch="false"/>
						<line number="114" hits="0" branch="false"/>
						<line number="116" hits="0" branch="true" condition-coverage="0% (0/2)">
							<conditions>
								<condition number="0" type="jump" coverage="0%"/>
							</conditions>
						</line>
						<line number="117" hits="0" branch="false"/>
						<line number="120" hits="0" branch="false"/>
						<line number="121" hits="0" branch="false"/>
						<line number="122" hits="0" branch="false"/>
						<line number="132" hits="0" branch="true" condition-coverage="0% (0/2)">
							<conditions>
								<condition number="0" type="jump" coverage="0%"/>
							</conditions>
						</line>
						<line number="133" hits="0" branch="false"/>
						<line number="135" hits="0" branch="false"/>
						<line number="136" hits="0" branch="false"/>
						<line number="149" hits="0" branch="true" condition-coverage="0% (0/2)">
							<conditions>
								<condition number="0" type="jump" coverage="0%"/>
							</conditions>
						</line>
						<line number="150" hits="0" branch="false"/>
						<line number="151" hits="0" branch="false"/>
						<line number="155" hits="0" branch="false"/>
						<line number="156" hits="0" branch="true" condition-coverage="0% (0/2)">
							<conditions>
								<condition number="0" type="jump" coverage="0%"/>
							</conditions>
						</line>
						<line number="157" hits="0" branch="false"/>
						<line number="160" hits="0" branch="false"/>
						<line number="161" hits="0" branch="false"/>
						<line number="163" hits="0" branch="false"/>
						<line number="164" hits="0" branch="false"/>
						<line number="165" hits="0" branch="false"/>
					</lines>
				</class>
			</classes>
		</package>
		<package name="com.github.jlgrock.javascriptframework.mavenutils.io.readers" line-rate="0.0" branch-rate="0.0" complexity="1.6666666666666667">
			<classes>
				<class name="com.github.jlgrock.javascriptframework.mavenutils.io.readers.FilteredReader" filename="com/github/jlgrock/javascriptframework/mavenutils/io/readers/FilteredReader.java" line-rate="0.0" branch-rate="0.0" complexity="1.6666666666666667">
					<methods>
						<method name="&lt;init&gt;" signature="(Ljava/io/Reader;Ljava/lang/String;Ljava/lang/String;)V" line-rate="0.0" branch-rate="1.0">
							<lines>
								<line number="35" hits="0" branch="false"/>
								<line number="36" hits="0" branch="false"/>
							</lines>
						</method>
						<method name="&lt;init&gt;" signature="(Ljava/io/Reader;Ljava/lang/String;Ljava/lang/String;I)V" line-rate="0.0" branch-rate="1.0">
							<lines>
								<line number="48" hits="0" branch="false"/>
								<line number="49" hits="0" branch="false"/>
								<line number="50" hits="0" branch="false"/>
								<line number="51" hits="0" branch="false"/>
							</lines>
						</method>
						<method name="readLine" signature="()Ljava/lang/String;" line-rate="0.0" branch-rate="0.0">
							<lines>
								<line number="55" hits="0" branch="false"/>
								<line number="56" hits="0" branch="true" condition-coverage="0% (0/2)">
									<conditions>
										<condition number="0" type="jump" coverage="0%"/>
									</conditions>
								</line>
								<line number="57" hits="0" branch="false"/>
								<line number="59" hits="0" branch="false"/>
							</lines>
						</method>
					</methods>
					<lines>
						<line number="35" hits="0" branch="false"/>
						<line number="36" hits="0" branch="false"/>
						<line number="48" hits="0" branch="false"/>
						<line number="49" hits="0" branch="false"/>
						<line number="50" hits="0" branch="false"/>
						<line number="51" hits="0" branch="false"/>
						<line number="55" hits="0" branch="false"/>
						<line number="56" hits="0" branch="true" condition-coverage="0% (0/2)">
							<conditions>
								<condition number="0" type="jump" coverage="0%"/>
							</conditions>
						</line>
						<line number="57" hits="0" branch="false"/>
						<line number="59" hits="0" branch="false"/>
					</lines>
				</class>
			</classes>
		</package>
		<package name="com.github.jlgrock.javascriptframework.mavenutils.logging" line-rate="0.0" branch-rate="0.0" complexity="4.2">
			<classes>
				<class name="com.github.jlgrock.javascriptframework.mavenutils.logging.MojoLogAppender" filename="com/github/jlgrock/javascriptframework/mavenutils/logging/MojoLogAppender.java" line-rate="0.0" branch-rate="0.0" complexity="4.2">
					<methods>
						<method name="&lt;init&gt;" signature="()V" line-rate="0.0" branch-rate="1.0">
							<lines>
								<line number="15" hits="0" branch="false"/>
							</lines>
						</method>
						<method name="append" signature="(Lorg/apache/log4j/spi/LoggingEvent;)V" line-rate="0.0" branch-rate="0.0">
							<lines>
								<line number="44" hits="0" branch="true" condition-coverage="0% (0/2)">
									<conditions>
										<condition number="0" type="jump" coverage="0%"/>
									</conditions>
								</line>
								<line number="45" hits="0" branch="false"/>
								<line number="47" hits="0" branch="false"/>
								<line number="48" hits="0" branch="true" condition-coverage="0% (0/4)">
									<conditions>
										<condition number="0" type="jump" coverage="0%"/>
										<condition number="1" type="jump" coverage="0%"/>
									</conditions>
								</line>
								<line number="49" hits="0" branch="false"/>
								<line number="52" hits="0" branch="false"/>
								<line number="53" hits="0" branch="false"/>
								<line number="54" hits="0" branch="true" condition-coverage="0% (0/2)">
									<conditions>
										<condition number="0" type="jump" coverage="0%"/>
									</conditions>
								</line>
								<line number="55" hits="0" branch="false"/>
								<line number="58" hits="0" branch="true" condition-coverage="0% (0/2)">
									<conditions>
										<condition number="0" type="jump" coverage="0%"/>
									</conditions>
								</line>
								<line number="59" hits="0" branch="true" condition-coverage="0% (0/2)">
									<conditions>
										<condition number="0" type="jump" coverage="0%"/>
									</conditions>
								</line>
								<line number="60" hits="0" branch="false"/>
								<line number="62" hits="0" branch="false"/>
								<line number="64" hits="0" branch="true" condition-coverage="0% (0/2)">
									<conditions>
										<condition number="0" type="jump" coverage="0%"/>
									</conditions>
								</line>
								<line number="65" hits="0" branch="true" condition-coverage="0% (0/2)">
									<conditions>
										<condition number="0" type="jump" coverage="0%"/>
									</conditions>
								</line>
								<line number="66" hits="0" branch="false"/>
								<line number="68" hits="0" branch="false"/>
								<line number="70" hits="0" branch="true" condition-coverage="0% (0/2)">
									<conditions>
										<condition number="0" type="jump" coverage="0%"/>
									</conditions>
								</line>
								<line number="71" hits="0" branch="true" condition-coverage="0% (0/2)">
									<conditions>
										<condition number="0" type="jump" coverage="0%"/>
									</conditions>
								</line>
								<line number="72" hits="0" branch="false"/>
								<line number="74" hits="0" branch="false"/>
								<line number="76" hits="0" branch="true" condition-coverage="0% (0/4)">
									<conditions>
										<condition number="0" type="jump" coverage="0%"/>
										<condition number="1" type="jump" coverage="0%"/>
									</conditions>
								</line>
								<line number="77" hits="0" branch="true" condition-coverage="0% (0/2)">
									<conditions>
										<condition number="0" type="jump" coverage="0%"/>
									</conditions>
								</line>
								<line number="78" hits="0" branch="false"/>
								<line number="80" hits="0" branch="false"/>
								<line number="83" hits="0" branch="true" condition-coverage="0% (0/2)">
									<conditions>
										<condition number="0" type="jump" coverage="0%"/>
									</conditions>
								</line>
								<line number="84" hits="0" branch="false"/>
								<line number="86" hits="0" branch="false"/>
								<line number="89" hits="0" branch="false"/>
							</lines>
						</method>
						<method name="beginLogging" signature="(Lorg/apache/maven/plugin/AbstractMojo;)V" line-rate="0.0" branch-rate="1.0">
							<lines>
								<line number="29" hits="0" branch="false"/>
								<line number="30" hits="0" branch="false"/>
							</lines>
						</method>
						<method name="close" signature="()V" line-rate="0.0" branch-rate="1.0">
							<lines>
								<line number="93" hits="0" branch="false"/>
								<line number="94" hits="0" branch="false"/>
							</lines>
						</method>
						<method name="endLogging" signature="()V" line-rate="0.0" branch-rate="1.0">
							<lines>
								<line number="39" hits="0" branch="false"/>
								<line number="40" hits="0" branch="false"/>
							</lines>
						</method>
						<method name="requiresLayout" signature="()Z" line-rate="0.0" branch-rate="1.0">
							<lines>
								<line number="98" hits="0" branch="false"/>
							</lines>
						</method>
					</methods>
					<lines>
						<line number="15" hits="0" branch="false"/>
						<line number="29" hits="0" branch="false"/>
						<line number="30" hits="0" branch="false"/>
						<line number="39" hits="0" branch="false"/>
						<line number="40" hits="0" branch="false"/>
						<line number="44" hits="0" branch="true" condition-coverage="0% (0/2)">
							<conditions>
								<condition number="0" type="jump" coverage="0%"/>
							</conditions>
						</line>
						<line number="45" hits="0" branch="false"/>
						<line number="47" hits="0" branch="false"/>
						<line number="48" hits="0" branch="true" condition-coverage="0% (0/4)">
							<conditions>
								<condition number="0" type="jump" coverage="0%"/>
								<condition number="1" type="jump" coverage="0%"/>
							</conditions>
						</line>
						<line number="49" hits="0" branch="false"/>
						<line number="52" hits="0" branch="false"/>
						<line number="53" hits="0" branch="false"/>
						<line number="54" hits="0" branch="true" condition-coverage="0% (0/2)">
							<conditions>
								<condition number="0" type="jump" coverage="0%"/>
							</conditions>
						</line>
						<line number="55" hits="0" branch="false"/>
						<line number="58" hits="0" branch="true" condition-coverage="0% (0/2)">
							<conditions>
								<condition number="0" type="jump" coverage="0%"/>
							</conditions>
						</line>
						<line number="59" hits="0" branch="true" condition-coverage="0% (0/2)">
							<conditions>
								<condition number="0" type="jump" coverage="0%"/>
							</conditions>
						</line>
						<line number="60" hits="0" branch="false"/>
						<line number="62" hits="0" branch="false"/>
						<line number="64" hits="0" branch="true" condition-coverage="0% (0/2)">
							<conditions>
								<condition number="0" type="jump" coverage="0%"/>
							</conditions>
						</line>
						<line number="65" hits="0" branch="true" condition-coverage="0% (0/2)">
							<conditions>
								<condition number="0" type="jump" coverage="0%"/>
							</conditions>
						</line>
						<line number="66" hits="0" branch="false"/>
						<line number="68" hits="0" branch="false"/>
						<line number="70" hits="0" branch="true" condition-coverage="0% (0/2)">
							<conditions>
								<condition number="0" type="jump" coverage="0%"/>
							</conditions>
						</line>
						<line number="71" hits="0" branch="true" condition-coverage="0% (0/2)">
							<conditions>
								<condition number="0" type="jump" coverage="0%"/>
							</conditions>
						</line>
						<line number="72" hits="0" branch="false"/>
						<line number="74" hits="0" branch="false"/>
						<line number="76" hits="0" branch="true" condition-coverage="0% (0/4)">
							<conditions>
								<condition number="0" type="jump" coverage="0%"/>
								<condition number="1" type="jump" coverage="0%"/>
							</conditions>
						</line>
						<line number="77" hits="0" branch="true" condition-coverage="0% (0/2)">
							<conditions>
								<condition number="0" type="jump" coverage="0%"/>
							</conditions>
						</line>
						<line number="78" hits="0" branch="false"/>
						<line number="80" hits="0" branch="false"/>
						<line number="83" hits="0" branch="true" condition-coverage="0% (0/2)">
							<conditions>
								<condition number="0" type="jump" coverage="0%"/>
							</conditions>
						</line>
						<line number="84" hits="0" branch="false"/>
						<line number="86" hits="0" branch="false"/>
						<line number="89" hits="0" branch="false"/>
						<line number="93" hits="0" branch="false"/>
						<line number="94" hits="0" branch="false"/>
						<line number="98" hits="0" branch="false"/>
					</lines>
				</class>
			</classes>
		</package>
		<package name="com.github.jlgrock.javascriptframework.mavenutils.mavenobjects" line-rate="0.0" branch-rate="0.0" complexity="2.6153846153846154">
			<classes>
				<class name="com.github.jlgrock.javascriptframework.mavenutils.mavenobjects.ArtifactExtractor" filename="com/github/jlgrock/javascriptframework/mavenutils/mavenobjects/ArtifactExtractor.java" line-rate="0.0" branch-rate="0.0" complexity="2.5">
					<methods>
						<method name="&lt;clinit&gt;" signature="()V" line-rate="0.0" branch-rate="1.0">
							<lines>
								<line number="26" hits="0" branch="false"/>
							</lines>
						</method>
						<method name="&lt;init&gt;" signature="(Ljava/util/Set;)V" line-rate="0.0" branch-rate="1.0">
							<lines>
								<line number="38" hits="0" branch="false"/>
								<line number="39" hits="0" branch="false"/>
								<line number="40" hits="0" branch="false"/>
							</lines>
						</method>
						<method name="extract" signature="(Lcom/github/jlgrock/javascriptframework/mavenutils/mavenobjects/PackagingType;Lcom/github/jlgrock/javascriptframework/mavenutils/mavenobjects/ScopeType;Ljava/io/File;)V" line-rate="0.0" branch-rate="1.0">
							<lines>
								<line number="52" hits="0" branch="false"/>
								<line number="55" hits="0" branch="false"/>
								<line number="56" hits="0" branch="false"/>
								<line number="58" hits="0" branch="false"/>
								<line number="59" hits="0" branch="false"/>
							</lines>
						</method>
						<method name="extractSet" signature="(Ljava/util/Set;Ljava/io/File;)V" line-rate="0.0" branch-rate="0.0">
							<lines>
								<line number="69" hits="0" branch="true" condition-coverage="0% (0/2)">
									<conditions>
										<condition number="0" type="jump" coverage="0%"/>
									</conditions>
								</line>
								<line number="70" hits="0" branch="false"/>
								<line number="71" hits="0" branch="false"/>
								<line number="72" hits="0" branch="false"/>
								<line number="73" hits="0" branch="false"/>
								<line number="74" hits="0" branch="false"/>
								<line number="75" hits="0" branch="false"/>
								<line number="76" hits="0" branch="false"/>
							</lines>
						</method>
						<method name="filterArtifactList" signature="(Lcom/github/jlgrock/javascriptframework/mavenutils/mavenobjects/PackagingType;Lcom/github/jlgrock/javascriptframework/mavenutils/mavenobjects/ScopeType;)Ljava/util/Set;" line-rate="0.0" branch-rate="0.0">
							<lines>
								<line number="87" hits="0" branch="false"/>
								<line number="88" hits="0" branch="true" condition-coverage="0% (0/2)">
									<conditions>
										<condition number="0" type="jump" coverage="0%"/>
									</conditions>
								</line>
								<line number="90" hits="0" branch="false"/>
								<line number="91" hits="0" branch="true" condition-coverage="0% (0/2)">
									<conditions>
										<condition number="0" type="jump" coverage="0%"/>
									</conditions>
								</line>
								<line number="92" hits="0" branch="false"/>
								<line number="94" hits="0" branch="false"/>
								<line number="95" hits="0" branch="true" condition-coverage="0% (0/2)">
									<conditions>
										<condition number="0" type="jump" coverage="0%"/>
									</conditions>
								</line>
								<line number="96" hits="0" branch="false"/>
								<line number="98" hits="0" branch="true" condition-coverage="0% (0/4)">
									<conditions>
										<condition number="0" type="jump" coverage="0%"/>
										<condition number="1" type="jump" coverage="0%"/>
									</conditions>
								</line>
								<line number="99" hits="0" branch="false"/>
								<line number="101" hits="0" branch="false"/>
								<line number="102" hits="0" branch="false"/>
							</lines>
						</method>
					</methods>
					<lines>
						<line number="26" hits="0" branch="false"/>
						<line number="38" hits="0" branch="false"/>
						<line number="39" hits="0" branch="false"/>
						<line number="40" hits="0" branch="false"/>
						<line number="52" hits="0" branch="false"/>
						<line number="55" hits="0" branch="false"/>
						<line number="56" hits="0" branch="false"/>
						<line number="58" hits="0" branch="false"/>
						<line number="59" hits="0" branch="false"/>
						<line number="69" hits="0" branch="true" condition-coverage="0% (0/2)">
							<conditions>
								<condition number="0" type="jump" coverage="0%"/>
							</conditions>
						</line>
						<line number="70" hits="0" branch="false"/>
						<line number="71" hits="0" branch="false"/>
						<line number="72" hits="0" branch="false"/>
						<line number="73" hits="0" branch="false"/>
						<line number="74" hits="0" branch="false"/>
						<line number="75" hits="0" branch="false"/>
						<line number="76" hits="0" branch="false"/>
						<line number="87" hits="0" branch="false"/>
						<line number="88" hits="0" branch="true" condition-coverage="0% (0/2)">
							<conditions>
								<condition number="0" type="jump" coverage="0%"/>
							</conditions>
						</line>
						<line number="90" hits="0" branch="false"/>
						<line number="91" hits="0" branch="true" condition-coverage="0% (0/2)">
							<conditions>
								<condition number="0" type="jump" coverage="0%"/>
							</conditions>
						</line>
						<line number="92" hits="0" branch="false"/>
						<line number="94" hits="0" branch="false"/>
						<line number="95" hits="0" branch="true" condition-coverage="0% (0/2)">
							<conditions>
								<condition number="0" type="jump" coverage="0%"/>
							</conditions>
						</line>
						<line number="96" hits="0" branch="false"/>
						<line number="98" hits="0" branch="true" condition-coverage="0% (0/4)">
							<conditions>
								<condition number="0" type="jump" coverage="0%"/>
								<condition number="1" type="jump" coverage="0%"/>
							</conditions>
						</line>
						<line number="99" hits="0" branch="false"/>
						<line number="101" hits="0" branch="false"/>
						<line number="102" hits="0" branch="false"/>
					</lines>
				</class>
				<class name="com.github.jlgrock.javascriptframework.mavenutils.mavenobjects.ExtractSrcAftifacts" filename="com/github/jlgrock/javascriptframework/mavenutils/mavenobjects/ExtractSrcAftifacts.java" line-rate="0.0" branch-rate="0.0" complexity="4.0">
					<methods>
						<method name="&lt;clinit&gt;" signature="()V" line-rate="0.0" branch-rate="1.0">
							<lines>
								<line number="28" hits="0" branch="false"/>
							</lines>
						</method>
						<method name="&lt;init&gt;" signature="()V" line-rate="0.0" branch-rate="1.0">
							<lines>
								<line number="39" hits="0" branch="false"/>
							</lines>
						</method>
						<method name="copyDirectory" signature="(Ljava/io/File;Ljava/io/File;)V" line-rate="0.0" branch-rate="0.0">
							<lines>
								<line number="136" hits="0" branch="true" condition-coverage="0% (0/4)">
									<conditions>
										<condition number="0" type="jump" coverage="0%"/>
										<condition number="1" type="jump" coverage="0%"/>
									</conditions>
								</line>
								<line number="137" hits="0" branch="false"/>
								<line number="139" hits="0" branch="true" condition-coverage="0% (0/2)">
									<conditions>
										<condition number="0" type="jump" coverage="0%"/>
									</conditions>
								</line>
								<line number="140" hits="0" branch="false"/>
								<line number="143" hits="0" branch="false"/>
								<line number="144" hits="0" branch="true" condition-coverage="0% (0/2)">
									<conditions>
										<condition number="0" type="jump" coverage="0%"/>
									</conditions>
								</line>
								<line number="145" hits="0" branch="false"/>
								<line number="148" hits="0" branch="false"/>
								<line number="149" hits="0" branch="true" condition-coverage="0% (0/2)">
									<conditions>
										<condition number="0" type="jump" coverage="0%"/>
									</conditions>
								</line>
								<line number="150" hits="0" branch="false"/>
								<line number="152" hits="0" branch="false"/>
								<line number="154" hits="0" branch="true" condition-coverage="0% (0/2)">
									<conditions>
										<condition number="0" type="jump" coverage="0%"/>
									</conditions>
								</line>
								<line number="155" hits="0" branch="false"/>
								<line number="157" hits="0" branch="false"/>
								<line number="158" hits="0" branch="false"/>
								<line number="161" hits="0" branch="false"/>
								<line number="163" hits="0" branch="true" condition-coverage="0% (0/2)">
									<conditions>
										<condition number="0" type="jump" coverage="0%"/>
									</conditions>
								</line>
								<line number="164" hits="0" branch="false"/>
								<line number="166" hits="0" branch="false"/>
								<line number="167" hits="0" branch="false"/>
								<line number="171" hits="0" branch="false"/>
							</lines>
						</method>
						<method name="extract" signature="(Ljava/util/Set;Ljava/lang/String;Ljava/io/File;)V" line-rate="0.0" branch-rate="1.0">
							<lines>
								<line number="51" hits="0" branch="false"/>
								<line number="53" hits="0" branch="false"/>
								<line number="54" hits="0" branch="false"/>
							</lines>
						</method>
						<method name="extractSet" signature="(Ljava/util/Set;Ljava/io/File;)V" line-rate="0.0" branch-rate="0.0">
							<lines>
								<line number="66" hits="0" branch="true" condition-coverage="0% (0/2)">
									<conditions>
										<condition number="0" type="jump" coverage="0%"/>
									</conditions>
								</line>
								<line number="68" hits="0" branch="true" condition-coverage="0% (0/2)">
									<conditions>
										<condition number="0" type="jump" coverage="0%"/>
									</conditions>
								</line>
								<line number="69" hits="0" branch="false"/>
								<line number="71" hits="0" branch="false"/>
								<line number="72" hits="0" branch="false"/>
								<line number="73" hits="0" branch="false"/>
								<line number="74" hits="0" branch="false"/>
								<line number="75" hits="0" branch="false"/>
								<line number="77" hits="0" branch="true" condition-coverage="0% (0/2)">
									<conditions>
										<condition number="0" type="jump" coverage="0%"/>
									</conditions>
								</line>
								<line number="78" hits="0" branch="false"/>
								<line number="80" hits="0" branch="false"/>
								<line number="82" hits="0" branch="false"/>
								<line number="84" hits="0" branch="false"/>
								<line number="87" hits="0" branch="true" condition-coverage="0% (0/2)">
									<conditions>
										<condition number="0" type="jump" coverage="0%"/>
									</conditions>
								</line>
								<line number="88" hits="0" branch="false"/>
								<line number="89" hits="0" branch="false"/>
								<line number="90" hits="0" branch="false"/>
								<line number="91" hits="0" branch="true" condition-coverage="0% (0/2)">
									<conditions>
										<condition number="0" type="jump" coverage="0%"/>
									</conditions>
								</line>
								<line number="92" hits="0" branch="false"/>
								<line number="94" hits="0" branch="false"/>
								<line number="95" hits="0" branch="false"/>
								<line number="96" hits="0" branch="false"/>
								<line number="98" hits="0" branch="false"/>
								<line number="99" hits="0" branch="false"/>
								<line number="100" hits="0" branch="false"/>
								<line number="102" hits="0" branch="false"/>
							</lines>
						</method>
						<method name="filterArtifactList" signature="(Ljava/util/Set;Ljava/lang/String;Ljava/lang/String;)Ljava/util/Set;" line-rate="0.0" branch-rate="0.0">
							<lines>
								<line number="115" hits="0" branch="false"/>
								<line number="116" hits="0" branch="true" condition-coverage="0% (0/2)">
									<conditions>
										<condition number="0" type="jump" coverage="0%"/>
									</conditions>
								</line>
								<line number="117" hits="0" branch="false"/>
								<line number="118" hits="0" branch="true" condition-coverage="0% (0/4)">
									<conditions>
										<condition number="0" type="jump" coverage="0%"/>
										<condition number="1" type="jump" coverage="0%"/>
									</conditions>
								</line>
								<line number="120" hits="0" branch="false"/>
								<line number="123" hits="0" branch="false"/>
							</lines>
						</method>
					</methods>
					<lines>
						<line number="28" hits="0" branch="false"/>
						<line number="39" hits="0" branch="false"/>
						<line number="51" hits="0" branch="false"/>
						<line number="53" hits="0" branch="false"/>
						<line number="54" hits="0" branch="false"/>
						<line number="66" hits="0" branch="true" condition-coverage="0% (0/2)">
							<conditions>
								<condition number="0" type="jump" coverage="0%"/>
							</conditions>
						</line>
						<line number="68" hits="0" branch="true" condition-coverage="0% (0/2)">
							<conditions>
								<condition number="0" type="jump" coverage="0%"/>
							</conditions>
						</line>
						<line number="69" hits="0" branch="false"/>
						<line number="71" hits="0" branch="false"/>
						<line number="72" hits="0" branch="false"/>
						<line number="73" hits="0" branch="false"/>
						<line number="74" hits="0" branch="false"/>
						<line number="75" hits="0" branch="false"/>
						<line number="77" hits="0" branch="true" condition-coverage="0% (0/2)">
							<conditions>
								<condition number="0" type="jump" coverage="0%"/>
							</conditions>
						</line>
						<line number="78" hits="0" branch="false"/>
						<line number="80" hits="0" branch="false"/>
						<line number="82" hits="0" branch="false"/>
						<line number="84" hits="0" branch="false"/>
						<line number="87" hits="0" branch="true" condition-coverage="0% (0/2)">
							<conditions>
								<condition number="0" type="jump" coverage="0%"/>
							</conditions>
						</line>
						<line number="88" hits="0" branch="false"/>
						<line number="89" hits="0" branch="false"/>
						<line number="90" hits="0" branch="false"/>
						<line number="91" hits="0" branch="true" condition-coverage="0% (0/2)">
							<conditions>
								<condition number="0" type="jump" coverage="0%"/>
							</conditions>
						</line>
						<line number="92" hits="0" branch="false"/>
						<line number="94" hits="0" branch="false"/>
						<line number="95" hits="0" branch="false"/>
						<line number="96" hits="0" branch="false"/>
						<line number="98" hits="0" branch="false"/>
						<line number="99" hits="0" branch="false"/>
						<line number="100" hits="0" branch="false"/>
						<line number="102" hits="0" branch="false"/>
						<line number="115" hits="0" branch="false"/>
						<line number="116" hits="0" branch="true" condition-coverage="0% (0/2)">
							<conditions>
								<condition number="0" type="jump" coverage="0%"/>
							</conditions>
						</line>
						<line number="117" hits="0" branch="false"/>
						<line number="118" hits="0" branch="true" condition-coverage="0% (0/4)">
							<conditions>
								<condition number="0" type="jump" coverage="0%"/>
								<condition number="1" type="jump" coverage="0%"/>
							</conditions>
						</line>
						<line number="120" hits="0" branch="false"/>
						<line number="123" hits="0" branch="false"/>
						<line number="136" hits="0" branch="true" condition-coverage="0% (0/4)">
							<conditions>
								<condition number="0" type="jump" coverage="0%"/>
								<condition number="1" type="jump" coverage="0%"/>
							</conditions>
						</line>
						<line number="137" hits="0" branch="false"/>
						<line number="139" hits="0" branch="true" condition-coverage="0% (0/2)">
							<conditions>
								<condition number="0" type="jump" coverage="0%"/>
							</conditions>
						</line>
						<line number="140" hits="0" branch="false"/>
						<line number="143" hits="0" branch="false"/>
						<line number="144" hits="0" branch="true" condition-coverage="0% (0/2)">
							<conditions>
								<condition number="0" type="jump" coverage="0%"/>
							</conditions>
						</line>
						<line number="145" hits="0" branch="false"/>
						<line number="148" hits="0" branch="false"/>
						<line number="149" hits="0" branch="true" condition-coverage="0% (0/2)">
							<conditions>
								<condition number="0" type="jump" coverage="0%"/>
							</conditions>
						</line>
						<line number="150" hits="0" branch="false"/>
						<line number="152" hits="0" branch="false"/>
						<line number="154" hits="0" branch="true" condition-coverage="0% (0/2)">
							<conditions>
								<condition number="0" type="jump" coverage="0%"/>
							</conditions>
						</line>
						<line number="155" hits="0" branch="false"/>
						<line number="157" hits="0" branch="false"/>
						<line number="158" hits="0" branch="false"/>
						<line number="161" hits="0" branch="false"/>
						<line number="163" hits="0" branch="true" condition-coverage="0% (0/2)">
							<conditions>
								<condition number="0" type="jump" coverage="0%"/>
							</conditions>
						</line>
						<line number="164" hits="0" branch="false"/>
						<line number="166" hits="0" branch="false"/>
						<line number="167" hits="0" branch="false"/>
						<line number="171" hits="0" branch="false"/>
					</lines>
				</class>
				<class name="com.github.jlgrock.javascriptframework.mavenutils.mavenobjects.PackagingType" filename="com/github/jlgrock/javascriptframework/mavenutils/mavenobjects/PackagingType.java" line-rate="0.0" branch-rate="1.0" complexity="1.0">
					<methods>
						<method name="&lt;clinit&gt;" signature="()V" line-rate="0.0" branch-rate="1.0">
							<lines>
								<line number="9" hits="0" branch="false"/>
								<line number="13" hits="0" branch="false"/>
								<line number="25" hits="0" branch="false"/>
								<line number="26" hits="0" branch="false"/>
								<line number="27" hits="0" branch="false"/>
								<line number="29" hits="0" branch="false"/>
							</lines>
						</method>
						<method name="&lt;init&gt;" signature="(Ljava/lang/String;ILjava/lang/String;)V" line-rate="0.0" branch-rate="1.0">
							<lines>
								<line number="36" hits="0" branch="false"/>
								<line number="37" hits="0" branch="false"/>
								<line number="38" hits="0" branch="false"/>
							</lines>
						</method>
						<method name="getByName" signature="(Ljava/lang/String;)Lcom/github/jlgrock/javascriptframework/mavenutils/mavenobjects/PackagingType;" line-rate="0.0" branch-rate="1.0">
							<lines>
								<line number="48" hits="0" branch="false"/>
							</lines>
						</method>
						<method name="valueOf" signature="(Ljava/lang/String;)Lcom/github/jlgrock/javascriptframework/mavenutils/mavenobjects/PackagingType;" line-rate="1.0" branch-rate="1.0">
							<lines>
							</lines>
						</method>
						<method name="values" signature="()[Lcom/github/jlgrock/javascriptframework/mavenutils/mavenobjects/PackagingType;" line-rate="1.0" branch-rate="1.0">
							<lines>
							</lines>
						</method>
					</methods>
					<lines>
						<line number="9" hits="0" branch="false"/>
						<line number="13" hits="0" branch="false"/>
						<line number="25" hits="0" branch="false"/>
						<line number="26" hits="0" branch="false"/>
						<line number="27" hits="0" branch="false"/>
						<line number="29" hits="0" branch="false"/>
						<line number="36" hits="0" branch="false"/>
						<line number="37" hits="0" branch="false"/>
						<line number="38" hits="0" branch="false"/>
						<line number="48" hits="0" branch="false"/>
					</lines>
				</class>
				<class name="com.github.jlgrock.javascriptframework.mavenutils.mavenobjects.ScopeType" filename="com/github/jlgrock/javascriptframework/mavenutils/mavenobjects/ScopeType.java" line-rate="0.0" branch-rate="1.0" complexity="1.0">
					<methods>
						<method name="&lt;clinit&gt;" signature="()V" line-rate="0.0" branch-rate="1.0">
							<lines>
								<line number="9" hits="0" branch="false"/>
								<line number="13" hits="0" branch="false"/>
								<line number="18" hits="0" branch="false"/>
								<line number="30" hits="0" branch="false"/>
								<line number="31" hits="0" branch="false"/>
								<line number="32" hits="0" branch="false"/>
								<line number="34" hits="0" branch="false"/>
							</lines>
						</method>
						<method name="&lt;init&gt;" signature="(Ljava/lang/String;ILjava/lang/String;)V" line-rate="0.0" branch-rate="1.0">
							<lines>
								<line number="41" hits="0" branch="false"/>
								<line number="42" hits="0" branch="false"/>
								<line number="43" hits="0" branch="false"/>
							</lines>
						</method>
						<method name="getByName" signature="(Ljava/lang/String;)Lcom/github/jlgrock/javascriptframework/mavenutils/mavenobjects/ScopeType;" line-rate="0.0" branch-rate="1.0">
							<lines>
								<line number="52" hits="0" branch="false"/>
							</lines>
						</method>
						<method name="valueOf" signature="(Ljava/lang/String;)Lcom/github/jlgrock/javascriptframework/mavenutils/mavenobjects/ScopeType;" line-rate="1.0" branch-rate="1.0">
							<lines>
							</lines>
						</method>
						<method name="values" signature="()[Lcom/github/jlgrock/javascriptframework/mavenutils/mavenobjects/ScopeType;" line-rate="1.0" branch-rate="1.0">
							<lines>
							</lines>
						</method>
					</methods>
					<lines>
						<line number="9" hits="0" branch="false"/>
						<line number="13" hits="0" branch="false"/>
						<line number="18" hits="0" branch="false"/>
						<line number="30" hits="0" branch="false"/>
						<line number="31" hits="0" branch="false"/>
						<line number="32" hits="0" branch="false"/>
						<line number="34" hits="0" branch="false"/>
						<line number="41" hits="0" branch="false"/>
						<line number="42" hits="0" branch="false"/>
						<line number="43" hits="0" branch="false"/>
						<line number="52" hits="0" branch="false"/>
					</lines>
				</class>
			</classes>
		</package>
		<package name="com.github.jlgrock.javascriptframework.mavenutils.pathing" line-rate="0.0" branch-rate="0.0" complexity="3.727272727272727">
			<classes>
				<class name="com.github.jlgrock.javascriptframework.mavenutils.pathing.FileListBuilder" filename="com/github/jlgrock/javascriptframework/mavenutils/pathing/FileListBuilder.java" line-rate="0.0" branch-rate="0.0" complexity="3.0">
					<methods>
						<method name="&lt;clinit&gt;" signature="()V" line-rate="0.0" branch-rate="1.0">
							<lines>
								<line number="22" hits="0" branch="false"/>
							</lines>
						</method>
						<method name="&lt;init&gt;" signature="()V" line-rate="0.0" branch-rate="1.0">
							<lines>
								<line number="16" hits="0" branch="false"/>
								<line number="17" hits="0" branch="false"/>
							</lines>
						</method>
						<method name="buildFilteredList" signature="(Ljava/io/File;Ljava/lang/String;)Ljava/util/Set;" line-rate="0.0" branch-rate="0.0">
							<lines>
								<line number="52" hits="0" branch="true" condition-coverage="0% (0/2)">
									<conditions>
										<condition number="0" type="jump" coverage="0%"/>
									</conditions>
								</line>
								<line number="53" hits="0" branch="false"/>
								<line number="55" hits="0" branch="false"/>
								<line number="57" hits="0" branch="false"/>
								<line number="58" hits="0" branch="false"/>
							</lines>
						</method>
						<method name="buildList" signature="(Ljava/io/File;)Ljava/util/Set;" line-rate="0.0" branch-rate="1.0">
							<lines>
								<line number="35" hits="0" branch="false"/>
							</lines>
						</method>
						<method name="recursivelyAnalyze" signature="(Ljava/io/File;Ljava/lang/String;)Ljava/util/Set;" line-rate="0.0" branch-rate="0.0">
							<lines>
								<line number="74" hits="0" branch="false"/>
								<line number="75" hits="0" branch="false"/>
								<line number="76" hits="0" branch="true" condition-coverage="0% (0/4)">
									<conditions>
										<condition number="0" type="jump" coverage="0%"/>
										<condition number="1" type="jump" coverage="0%"/>
									</conditions>
								</line>
								<line number="77" hits="0" branch="true" condition-coverage="0% (0/2)">
									<conditions>
										<condition number="0" type="jump" coverage="0%"/>
									</conditions>
								</line>
								<line number="78" hits="0" branch="true" condition-coverage="0% (0/2)">
									<conditions>
										<condition number="0" type="jump" coverage="0%"/>
									</conditions>
								</line>
								<line number="79" hits="0" branch="false"/>
								<line number="82" hits="0" branch="false"/>
								<line number="83" hits="0" branch="true" condition-coverage="0% (0/6)">
									<conditions>
										<condition number="0" type="jump" coverage="0%"/>
										<condition number="1" type="jump" coverage="0%"/>
										<condition number="2" type="jump" coverage="0%"/>
									</conditions>
								</line>
								<line number="86" hits="0" branch="false"/>
								<line number="88" hits="0" branch="false"/>
								<line number="93" hits="0" branch="false"/>
							</lines>
						</method>
					</methods>
					<lines>
						<line number="16" hits="0" branch="false"/>
						<line number="17" hits="0" branch="false"/>
						<line number="22" hits="0" branch="false"/>
						<line number="35" hits="0" branch="false"/>
						<line number="52" hits="0" branch="true" condition-coverage="0% (0/2)">
							<conditions>
								<condition number="0" type="jump" coverage="0%"/>
							</conditions>
						</line>
						<line number="53" hits="0" branch="false"/>
						<line number="55" hits="0" branch="false"/>
						<line number="57" hits="0" branch="false"/>
						<line number="58" hits="0" branch="false"/>
						<line number="74" hits="0" branch="false"/>
						<line number="75" hits="0" branch="false"/>
						<line number="76" hits="0" branch="true" condition-coverage="0% (0/4)">
							<conditions>
								<condition number="0" type="jump" coverage="0%"/>
								<condition number="1" type="jump" coverage="0%"/>
							</conditions>
						</line>
						<line number="77" hits="0" branch="true" condition-coverage="0% (0/2)">
							<conditions>
								<condition number="0" type="jump" coverage="0%"/>
							</conditions>
						</line>
						<line number="78" hits="0" branch="true" condition-coverage="0% (0/2)">
							<conditions>
								<condition number="0" type="jump" coverage="0%"/>
							</conditions>
						</line>
						<line number="79" hits="0" branch="false"/>
						<line number="82" hits="0" branch="false"/>
						<line number="83" hits="0" branch="true" condition-coverage="0% (0/6)">
							<conditions>
								<condition number="0" type="jump" coverage="0%"/>
								<condition number="1" type="jump" coverage="0%"/>
								<condition number="2" type="jump" coverage="0%"/>
							</conditions>
						</line>
						<line number="86" hits="0" branch="false"/>
						<line number="88" hits="0" branch="false"/>
						<line number="93" hits="0" branch="false"/>
					</lines>
				</class>
				<class name="com.github.jlgrock.javascriptframework.mavenutils.pathing.RelativeFile" filename="com/github/jlgrock/javascriptframework/mavenutils/pathing/RelativeFile.java" line-rate="0.0" branch-rate="0.0" complexity="1.3333333333333333">
					<methods>
						<method name="&lt;init&gt;" signature="(Ljava/io/File;Ljava/lang/String;)V" line-rate="0.0" branch-rate="0.0">
							<lines>
								<line number="26" hits="0" branch="false"/>
								<line number="27" hits="0" branch="false"/>
								<line number="28" hits="0" branch="true" condition-coverage="0% (0/2)">
									<conditions>
										<condition number="0" type="jump" coverage="0%"/>
									</conditions>
								</line>
								<line number="29" hits="0" branch="false"/>
								<line number="31" hits="0" branch="false"/>
								<line number="33" hits="0" branch="false"/>
							</lines>
						</method>
						<method name="getFile" signature="()Ljava/io/File;" line-rate="0.0" branch-rate="1.0">
							<lines>
								<line number="41" hits="0" branch="false"/>
							</lines>
						</method>
						<method name="getRelPath" signature="()Ljava/lang/String;" line-rate="0.0" branch-rate="1.0">
							<lines>
								<line number="50" hits="0" branch="false"/>
							</lines>
						</method>
					</methods>
					<lines>
						<line number="26" hits="0" branch="false"/>
						<line number="27" hits="0" branch="false"/>
						<line number="28" hits="0" branch="true" condition-coverage="0% (0/2)">
							<conditions>
								<condition number="0" type="jump" coverage="0%"/>
							</conditions>
						</line>
						<line number="29" hits="0" branch="false"/>
						<line number="31" hits="0" branch="false"/>
						<line number="33" hits="0" branch="false"/>
						<line number="41" hits="0" branch="false"/>
						<line number="50" hits="0" branch="false"/>
					</lines>
				</class>
				<class name="com.github.jlgrock.javascriptframework.mavenutils.pathing.RelativePath" filename="com/github/jlgrock/javascriptframework/mavenutils/pathing/RelativePath.java" line-rate="0.0" branch-rate="0.0" complexity="7.0">
					<methods>
						<method name="&lt;init&gt;" signature="()V" line-rate="0.0" branch-rate="1.0">
							<lines>
								<line number="16" hits="0" branch="false"/>
							</lines>
						</method>
						<method name="getRelPathFromBase" signature="(Ljava/io/File;Ljava/io/File;)Ljava/lang/String;" line-rate="0.0" branch-rate="0.0">
							<lines>
								<line number="27" hits="0" branch="false"/>
								<line number="28" hits="0" branch="false"/>
								<line number="31" hits="0" branch="true" condition-coverage="0% (0/2)">
									<conditions>
										<condition number="0" type="jump" coverage="0%"/>
									</conditions>
								</line>
								<line number="32" hits="0" branch="false"/>
								<line number="33" hits="0" branch="false"/>
								<line number="35" hits="0" branch="true" condition-coverage="0% (0/2)">
									<conditions>
										<condition number="0" type="jump" coverage="0%"/>
									</conditions>
								</line>
								<line number="36" hits="0" branch="false"/>
								<line number="37" hits="0" branch="false"/>
								<line number="39" hits="0" branch="false"/>
								<line number="42" hits="0" branch="false"/>
								<line number="43" hits="0" branch="false"/>
								<line number="47" hits="0" branch="false"/>
								<line number="49" hits="0" branch="false"/>
								<line number="51" hits="0" branch="true" condition-coverage="0% (0/6)">
									<conditions>
										<condition number="0" type="jump" coverage="0%"/>
										<condition number="1" type="jump" coverage="0%"/>
										<condition number="2" type="jump" coverage="0%"/>
									</conditions>
								</line>
								<line number="52" hits="0" branch="false"/>
								<line number="53" hits="0" branch="false"/>
								<line number="56" hits="0" branch="true" condition-coverage="0% (0/2)">
									<conditions>
										<condition number="0" type="jump" coverage="0%"/>
									</conditions>
								</line>
								<line number="60" hits="0" branch="false"/>
								<line number="74" hits="0" branch="false"/>
								<line number="75" hits="0" branch="false"/>
								<line number="76" hits="0" branch="true" condition-coverage="0% (0/2)">
									<conditions>
										<condition number="0" type="jump" coverage="0%"/>
									</conditions>
								</line>
								<line number="77" hits="0" branch="false"/>
								<line number="82" hits="0" branch="false"/>
								<line number="84" hits="0" branch="true" condition-coverage="0% (0/2)">
									<conditions>
										<condition number="0" type="jump" coverage="0%"/>
									</conditions>
								</line>
								<line number="85" hits="0" branch="true" condition-coverage="0% (0/2)">
									<conditions>
										<condition number="0" type="jump" coverage="0%"/>
									</conditions>
								</line>
								<line number="87" hits="0" branch="true" condition-coverage="0% (0/2)">
									<conditions>
										<condition number="0" type="jump" coverage="0%"/>
									</conditions>
								</line>
								<line number="88" hits="0" branch="false"/>
								<line number="91" hits="0" branch="false"/>
								<line number="92" hits="0" branch="false"/>
							</lines>
						</method>
					</methods>
					<lines>
						<line number="16" hits="0" branch="false"/>
						<line number="27" hits="0" branch="false"/>
						<line number="28" hits="0" branch="false"/>
						<line number="31" hits="0" branch="true" condition-coverage="0% (0/2)">
							<conditions>
								<condition number="0" type="jump" coverage="0%"/>
							</conditions>
						</line>
						<line number="32" hits="0" branch="false"/>
						<line number="33" hits="0" branch="false"/>
						<line number="35" hits="0" branch="true" condition-coverage="0% (0/2)">
							<conditions>
								<condition number="0" type="jump" coverage="0%"/>
							</conditions>
						</line>
						<line number="36" hits="0" branch="false"/>
						<line number="37" hits="0" branch="false"/>
						<line number="39" hits="0" branch="false"/>
						<line number="42" hits="0" branch="false"/>
						<line number="43" hits="0" branch="false"/>
						<line number="47" hits="0" branch="false"/>
						<line number="49" hits="0" branch="false"/>
						<line number="51" hits="0" branch="true" condition-coverage="0% (0/6)">
							<conditions>
								<condition number="0" type="jump" coverage="0%"/>
								<condition number="1" type="jump" coverage="0%"/>
								<condition number="2" type="jump" coverage="0%"/>
							</conditions>
						</line>
						<line number="52" hits="0" branch="false"/>
						<line number="53" hits="0" branch="false"/>
						<line number="56" hits="0" branch="true" condition-coverage="0% (0/2)">
							<conditions>
								<condition number="0" type="jump" coverage="0%"/>
							</conditions>
						</line>
						<line number="60" hits="0" branch="false"/>
						<line number="74" hits="0" branch="false"/>
						<line number="75" hits="0" branch="false"/>
						<line number="76" hits="0" branch="true" condition-coverage="0% (0/2)">
							<conditions>
								<condition number="0" type="jump" coverage="0%"/>
							</conditions>
						</line>
						<line number="77" hits="0" branch="false"/>
						<line number="82" hits="0" branch="false"/>
						<line number="84" hits="0" branch="true" condition-coverage="0% (0/2)">
							<conditions>
								<condition number="0" type="jump" coverage="0%"/>
							</conditions>
						</line>
						<line number="85" hits="0" branch="true" condition-coverage="0% (0/2)">
							<conditions>
								<condition number="0" type="jump" coverage="0%"/>
							</conditions>
						</line>
						<line number="87" hits="0" branch="true" condition-coverage="0% (0/2)">
							<conditions>
								<condition number="0" type="jump" coverage="0%"/>
							</conditions>
						</line>
						<line number="88" hits="0" branch="false"/>
						<line number="91" hits="0" branch="false"/>
						<line number="92" hits="0" branch="false"/>
					</lines>
				</class>
				<class name="com.github.jlgrock.javascriptframework.mavenutils.pathing.SearchFileRecursive" filename="com/github/jlgrock/javascriptframework/mavenutils/pathing/SearchFileRecursive.java" line-rate="0.0" branch-rate="0.0" complexity="5.5">
					<methods>
						<method name="&lt;init&gt;" signature="()V" line-rate="0.0" branch-rate="1.0">
							<lines>
								<line number="22" hits="0" branch="false"/>
							</lines>
						</method>
						<method name="findAbsoluteFile" signature="(Ljava/lang/String;Ljava/lang/String;)Ljava/io/File;" line-rate="0.0" branch-rate="0.0">
							<lines>
								<line number="34" hits="0" branch="false"/>
								<line number="36" hits="0" branch="false"/>
								<line number="37" hits="0" branch="false"/>
								<line number="41" hits="0" branch="true" condition-coverage="0% (0/2)">
									<conditions>
										<condition number="0" type="jump" coverage="0%"/>
									</conditions>
								</line>
								<line number="42" hits="0" branch="false"/>
								<line number="44" hits="0" branch="true" condition-coverage="0% (0/2)">
									<conditions>
										<condition number="0" type="jump" coverage="0%"/>
									</conditions>
								</line>
								<line number="45" hits="0" branch="false"/>
								<line number="49" hits="0" branch="true" condition-coverage="0% (0/2)">
									<conditions>
										<condition number="0" type="jump" coverage="0%"/>
									</conditions>
								</line>
								<line number="50" hits="0" branch="false"/>
								<line number="53" hits="0" branch="false"/>
								<line number="54" hits="0" branch="false"/>
								<line number="55" hits="0" branch="false"/>
								<line number="56" hits="0" branch="false"/>
								<line number="58" hits="0" branch="false"/>
								<line number="59" hits="0" branch="false"/>
							</lines>
						</method>
					</methods>
					<lines>
						<line number="22" hits="0" branch="false"/>
						<line number="34" hits="0" branch="false"/>
						<line number="36" hits="0" branch="false"/>
						<line number="37" hits="0" branch="false"/>
						<line number="41" hits="0" branch="true" condition-coverage="0% (0/2)">
							<conditions>
								<condition number="0" type="jump" coverage="0%"/>
							</conditions>
						</line>
						<line number="42" hits="0" branch="false"/>
						<line number="44" hits="0" branch="true" condition-coverage="0% (0/2)">
							<conditions>
								<condition number="0" type="jump" coverage="0%"/>
							</conditions>
						</line>
						<line number="45" hits="0" branch="false"/>
						<line number="49" hits="0" branch="true" condition-coverage="0% (0/2)">
							<conditions>
								<condition number="0" type="jump" coverage="0%"/>
							</conditions>
						</line>
						<line number="50" hits="0" branch="false"/>
						<line number="53" hits="0" branch="false"/>
						<line number="54" hits="0" branch="false"/>
						<line number="55" hits="0" branch="false"/>
						<line number="56" hits="0" branch="false"/>
						<line number="58" hits="0" branch="false"/>
						<line number="59" hits="0" branch="false"/>
					</lines>
				</class>
			</classes>
		</package>
	</packages>
</coverage>
